Removed Pin From Net: NetName=+12V Pin=J4-1
Removed Pin From Net: NetName=GND Pin=J4-2
Removed Pin From Net: NetName=SDA1 Pin=J4-3
Removed Pin From Net: NetName=SCL1 Pin=J4-4
Removed Pin From Net: NetName=SDA2 Pin=J4-5
Removed Pin From Net: NetName=SCL2 Pin=J4-6
Removed Pin From Net: NetName=THR0 Pin=J4-7
Removed Pin From Net: NetName=THR1 Pin=J4-8
Removed Pin From Net: NetName=THR2 Pin=J4-9
Removed Pin From Net: NetName=THR3 Pin=J4-10
Removed Pin From Net: NetName=THR4 Pin=J4-11
Removed Pin From Net: NetName=THR5 Pin=J4-12
Removed Pin From Net: NetName=THR6 Pin=J4-13
Removed Pin From Net: NetName=THR7 Pin=J4-14
Removed Pin From Net: NetName=+5V Pin=J4-15
Removed Pin From Net: NetName=+3V3 Pin=J4-16
Removed Pin From Net: NetName=PWM8 Pin=J4-17
Removed Pin From Net: NetName=PWM9 Pin=J4-18
Removed Pin From Net: NetName=Rx1 Pin=J4-19
Removed Pin From Net: NetName=Tx1 Pin=J4-20
Removed Pin From Net: NetName=Rx2 Pin=J4-21
Removed Pin From Net: NetName=Tx2 Pin=J4-22
Removed Pin From Net: NetName=GPIO0 Pin=J4-23
Removed Pin From Net: NetName=GPIO1 Pin=J4-24
Removed Pin From Net: NetName=GPIO2 Pin=J4-25
Removed Pin From Net: NetName=GPIO3 Pin=J4-26
Removed Pin From Net: NetName=GPIO4 Pin=J4-27
Removed Pin From Net: NetName=GPIO5 Pin=J4-28
Removed Member From Class: ClassName=BaseCard Member=J4
Added Room: Name=BaseCard
